This is pdfTeX, Version 3.14159265-2.6-1.40.16 (TeX Live 2015/Debian) (preloaded format=pdflatex 2017.8.23)  11 JUN 2018 01:37
entering extended mode
 restricted \write18 enabled.
 %&-line parsing enabled.
**OMNIReport
(./OMNIReport.tex
LaTeX2e <2016/02/01>
Babel <3.9q> and hyphenation patterns for 81 language(s) loaded.
(/usr/share/texlive/texmf-dist/tex/latex/base/article.cls
Document Class: article 2014/09/29 v1.4h Standard LaTeX document class
(/usr/share/texlive/texmf-dist/tex/latex/base/size11.clo
File: size11.clo 2014/09/29 v1.4h Standard LaTeX file (size option)
)
\c@part=\count79
\c@section=\count80
\c@subsection=\count81
\c@subsubsection=\count82
\c@paragraph=\count83
\c@subparagraph=\count84
\c@figure=\count85
\c@table=\count86
\abovecaptionskip=\skip41
\belowcaptionskip=\skip42
\bibindent=\dimen102
) (./holtex.sty
(/usr/share/texlive/texmf-dist/tex/latex/geometry/geometry.sty
Package: geometry 2010/09/12 v5.6 Page Geometry

(/usr/share/texlive/texmf-dist/tex/latex/graphics/keyval.sty
Package: keyval 2014/10/28 v1.15 key=value parser (DPC)
\KV@toks@=\toks14
)
(/usr/share/texlive/texmf-dist/tex/generic/oberdiek/ifpdf.sty
Package: ifpdf 2011/01/30 v2.3 Provides the ifpdf switch (HO)
Package ifpdf Info: pdfTeX in PDF mode is detected.
)
(/usr/share/texlive/texmf-dist/tex/generic/oberdiek/ifvtex.sty
Package: ifvtex 2010/03/01 v1.5 Detect VTeX and its facilities (HO)
Package ifvtex Info: VTeX not detected.
)
(/usr/share/texlive/texmf-dist/tex/generic/ifxetex/ifxetex.sty
Package: ifxetex 2010/09/12 v0.6 Provides ifxetex conditional
)
\Gm@cnth=\count87
\Gm@cntv=\count88
\c@Gm@tempcnt=\count89
\Gm@bindingoffset=\dimen103
\Gm@wd@mp=\dimen104
\Gm@odd@mp=\dimen105
\Gm@even@mp=\dimen106
\Gm@layoutwidth=\dimen107
\Gm@layoutheight=\dimen108
\Gm@layouthoffset=\dimen109
\Gm@layoutvoffset=\dimen110
\Gm@dimlist=\toks15
)
(/usr/share/texlive/texmf-dist/tex/latex/fancyhdr/fancyhdr.sty
\fancy@headwidth=\skip43
\f@ncyO@elh=\skip44
\f@ncyO@erh=\skip45
\f@ncyO@olh=\skip46
\f@ncyO@orh=\skip47
\f@ncyO@elf=\skip48
\f@ncyO@erf=\skip49
\f@ncyO@olf=\skip50
\f@ncyO@orf=\skip51
)
(/usr/share/texlive/texmf-dist/tex/latex/graphics/color.sty
Package: color 2016/01/03 v1.1b Standard LaTeX Color (DPC)

(/usr/share/texlive/texmf-dist/tex/latex/latexconfig/color.cfg
File: color.cfg 2007/01/18 v1.5 color configuration of teTeX/TeXLive
)
Package color Info: Driver file: pdftex.def on input line 143.

(/usr/share/texlive/texmf-dist/tex/latex/pdftex-def/pdftex.def
File: pdftex.def 2011/05/27 v0.06d Graphics/color for pdfTeX

(/usr/share/texlive/texmf-dist/tex/generic/oberdiek/infwarerr.sty
Package: infwarerr 2010/04/08 v1.3 Providing info/warning/error messages (HO)
)
(/usr/share/texlive/texmf-dist/tex/generic/oberdiek/ltxcmds.sty
Package: ltxcmds 2011/11/09 v1.22 LaTeX kernel commands for general use (HO)
)
\Gread@gobject=\count90
))
(./holtexbasic.sty
(/usr/share/texlive/texmf-dist/tex/latex/amsfonts/amssymb.sty
Package: amssymb 2013/01/14 v3.01 AMS font symbols

(/usr/share/texlive/texmf-dist/tex/latex/amsfonts/amsfonts.sty
Package: amsfonts 2013/01/14 v3.01 Basic AMSFonts support
\@emptytoks=\toks16
\symAMSa=\mathgroup4
\symAMSb=\mathgroup5
LaTeX Font Info:    Overwriting math alphabet `\mathfrak' in version `bold'
(Font)                  U/euf/m/n --> U/euf/b/n on input line 106.
))
(/usr/share/texlive/texmf-dist/tex/latex/base/makeidx.sty
Package: makeidx 2014/09/29 v1.0m Standard LaTeX package
)
(/usr/share/texlive/texmf-dist/tex/latex/underscore/underscore.sty
Package: underscore 2006/09/13
LaTeX Info: Redefining \_ on input line 42.
)
(/usr/share/texlive/texmf-dist/tex/latex/fancyvrb/fancyvrb.sty
Package: fancyvrb 2008/02/07

Style option: `fancyvrb' v2.7a, with DG/SPQR fixes, and firstline=lastline fix 
<2008/02/07> (tvz)
\FV@CodeLineNo=\count91
\FV@InFile=\read1
\FV@TabBox=\box26
\c@FancyVerbLine=\count92
\FV@StepNumber=\count93
\FV@OutFile=\write3
)))
\@indexfile=\write4
\openout4 = `OMNIReport.idx'.


Writing index file OMNIReport.idx
(./OMNIReport.aux)
\openout1 = `OMNIReport.aux'.

LaTeX Font Info:    Checking defaults for OML/cmm/m/it on input line 6.
LaTeX Font Info:    ... okay on input line 6.
LaTeX Font Info:    Checking defaults for T1/cmr/m/n on input line 6.
LaTeX Font Info:    ... okay on input line 6.
LaTeX Font Info:    Checking defaults for OT1/cmr/m/n on input line 6.
LaTeX Font Info:    ... okay on input line 6.
LaTeX Font Info:    Checking defaults for OMS/cmsy/m/n on input line 6.
LaTeX Font Info:    ... okay on input line 6.
LaTeX Font Info:    Checking defaults for OMX/cmex/m/n on input line 6.
LaTeX Font Info:    ... okay on input line 6.
LaTeX Font Info:    Checking defaults for U/cmr/m/n on input line 6.
LaTeX Font Info:    ... okay on input line 6.

*geometry* driver: auto-detecting
*geometry* detected driver: pdftex
*geometry* verbose mode - [ preamble ] result:
* driver: pdftex
* paper: a4paper
* layout: <same size as paper>
* layoutoffset:(h,v)=(0.0pt,0.0pt)
* modes: twoside 
* h-part:(L,W,R)=(71.70166pt, 418.25368pt, 107.55254pt)
* v-part:(T,H,B)=(101.40665pt, 591.5302pt, 152.11pt)
* \paperwidth=597.50787pt
* \paperheight=845.04684pt
* \textwidth=418.25368pt
* \textheight=591.5302pt
* \oddsidemargin=-0.56833pt
* \evensidemargin=35.28255pt
* \topmargin=-9.86334pt
* \headheight=14.0pt
* \headsep=25.0pt
* \topskip=11.0pt
* \footskip=30.0pt
* \marginparwidth=113.0pt
* \marginparsep=10.0pt
* \columnsep=10.0pt
* \skip\footins=10.0pt plus 4.0pt minus 2.0pt
* \hoffset=0.0pt
* \voffset=0.0pt
* \mag=1000
* \@twocolumnfalse
* \@twosidetrue
* \@mparswitchtrue
* \@reversemarginfalse
* (1in=72.27pt=25.4mm, 1cm=28.453pt)

(/usr/share/texlive/texmf-dist/tex/context/base/supp-pdf.mkii
[Loading MPS to PDF converter (version 2006.09.02).]
\scratchcounter=\count94
\scratchdimen=\dimen111
\scratchbox=\box27
\nofMPsegments=\count95
\nofMParguments=\count96
\everyMPshowfont=\toks17
\MPscratchCnt=\count97
\MPscratchDim=\dimen112
\MPnumerator=\count98
\makeMPintoPDFobject=\count99
\everyMPtoPDFconversion=\toks18
) (./HOLOMNIType.tex) (./HOLssmOneOne.tex) (./HOLssm.tex) (./HOLsatList.tex)
(./HOLssminfRules.tex) (./HOLPBssmPBIntegrated.tex) (./HOLPBTypeIntegrated.tex)
(./HOLPBIntegratedDef.tex) (./HOLssmPBIntegrated.tex) (./HOLssmConductORP.tex)
(./HOLConductORPType.tex) (./HOLssmConductPB.tex) (./HOLConductPBType.tex)
(./HOLssmMoveToORP.tex) (./HOLMoveToORPType.tex) (./HOLssmMoveToPB.tex)
(./HOLMoveToPBType.tex) (./HOLssmPlanPB.tex) (./HOLPlanPBType.tex)
(./HOLPlanPBDef.tex) (./OMNIReport.toc
LaTeX Font Info:    Try loading font information for U+msa on input line 2.

(/usr/share/texlive/texmf-dist/tex/latex/amsfonts/umsa.fd
File: umsa.fd 2013/01/14 v3.01 AMS symbols A
)
LaTeX Font Info:    Try loading font information for U+msb on input line 2.

(/usr/share/texlive/texmf-dist/tex/latex/amsfonts/umsb.fd
File: umsb.fd 2013/01/14 v3.01 AMS symbols B
) [1

{/var/lib/texmf/fonts/map/pdftex/updmap/pdftex.map}])
\tf@toc=\write5
\openout5 = `OMNIReport.toc'.

 [2] [3

] [4] [5] [6] [7] [8] [9] [10]
[11] [12] [13] [14] [15] [16] [17] [18] [19] [20] [21] [22]
LaTeX Font Info:    Font shape `OT1/cmtt/bx/n' in size <10> not available
(Font)              Font shape `OT1/cmtt/m/n' tried instead on input line 173.
 [23] [24]
Underfull \vbox (badness 10000) has occurred while \output is active []

 [25]
Underfull \vbox (badness 10000) has occurred while \output is active []

 [26]
[27] [28] [29] [30] [31] [32] [33] [34] [35] [36] [37] [38] [39] [40] [41]
[42] [43] [44] [45] [46] [47] [48] [49] [50] [51] [52] [53] [54] [55] [56]
[57] [58] [59] [60] [61] [62] [63] [64] [65] [66] [67] [68] [69] [70] [71]
[72] [73]
Underfull \vbox (badness 10000) has occurred while \output is active []

 [74]
Underfull \vbox (badness 10000) has occurred while \output is active []

 [75]
[76] [77]
Underfull \vbox (badness 10000) has occurred while \output is active []

 [78]
[79] [80]
Underfull \vbox (badness 10000) has occurred while \output is active []

 [81]
[82] [83]
Underfull \vbox (badness 10000) has occurred while \output is active []

 [84]
Underfull \vbox (badness 10000) has occurred while \output is active []

 [85]
[86]
Underfull \vbox (badness 10000) has occurred while \output is active []

 [87]
Underfull \vbox (badness 10000) has occurred while \output is active []

 [88]
[89]
Underfull \vbox (badness 10000) has occurred while \output is active []

 [90]
[91]
Underfull \vbox (badness 10000) has occurred while \output is active []

 [92]
Underfull \vbox (badness 10000) has occurred while \output is active []

 [93]
[94]
Underfull \vbox (badness 10000) has occurred while \output is active []

 [95]
Underfull \vbox (badness 10000) has occurred while \output is active []

 [96]
[97]
Underfull \vbox (badness 10000) has occurred while \output is active []

 [98]
Underfull \vbox (badness 10000) has occurred while \output is active []

 [99]
[100] (./OMNIReport.ind [101


]
Overfull \hbox (26.06984pt too wide) in paragraph at lines 171--172
[]| \OT1/cmr/m/n/10.95 au-thT-est-Con-duc-tORP[]-cmd[]-re-ject[]-lemma,
 []


Overfull \hbox (3.86565pt too wide) in paragraph at lines 178--179
[]| \OT1/cmr/m/n/10.95 Pla-toon-Leader[]-exec[]-plCom-mand[]-jus-
 []

[102]
Overfull \hbox (10.44783pt too wide) in paragraph at lines 179--180
[]| \OT1/cmr/m/n/10.95 Pla-toon-Leader[]-plCom-mand[]-lemma, 39 
 []


Overfull \hbox (5.53854pt too wide) in paragraph at lines 180--181
[]| \OT1/cmr/m/n/10.95 Pla-toon-Sergeant[]-exec[]-ps-g-Com-mand[]-
 []


Overfull \hbox (12.2424pt too wide) in paragraph at lines 181--182
[]| \OT1/cmr/m/n/10.95 Pla-toon-Sergeant[]-ps-g-Com-mand[]-lemma,
 []


Overfull \hbox (17.249pt too wide) in paragraph at lines 187--188
[]| \OT1/cmr/m/n/10.95 au-thT-est-Con-ductPB[]-cmd[]-re-ject[]-lemma,
 []


Overfull \hbox (5.32565pt too wide) in paragraph at lines 194--195
[]| \OT1/cmr/m/n/10.95 Pla-toon-Leader[]-exec[]-plCom-mandPB[]-
 []


Overfull \hbox (12.02951pt too wide) in paragraph at lines 195--196
[]| \OT1/cmr/m/n/10.95 Pla-toon-Leader[]-plCom-mandPB[]-lemma,
 []


Overfull \hbox (20.7469pt too wide) in paragraph at lines 196--197
[]| \OT1/cmr/m/n/10.95 Pla-toon-Sergeant[]-exec[]-ps-g-Com-mandPB[]-
 []


Overfull \hbox (27.45076pt too wide) in paragraph at lines 197--198
[]| \OT1/cmr/m/n/10.95 Pla-toon-Sergeant[]-ps-g-Com-mandPB[]-lemma,
 []


Overfull \hbox (23.33229pt too wide) in paragraph at lines 203--204
[]| \OT1/cmr/m/n/10.95 au-thT-est-Move-ToORP[]-cmd[]-re-ject[]-lemma,
 []


Overfull \hbox (2.10147pt too wide) in paragraph at lines 210--211
[]| \OT1/cmr/m/n/10.95 Pla-toon-Leader[]-exec[]-slCom-mand[]-jus-
 []


Overfull \hbox (8.68365pt too wide) in paragraph at lines 211--212
[]| \OT1/cmr/m/n/10.95 Pla-toon-Leader[]-slCom-mand[]-lemma, 52 
 []


Overfull \hbox (14.51144pt too wide) in paragraph at lines 217--218
[]| \OT1/cmr/m/n/10.95 au-thT-est-Move-ToPB[]-cmd[]-re-ject[]-lemma,
 []


Overfull \hbox (2.10147pt too wide) in paragraph at lines 224--225
[]| \OT1/cmr/m/n/10.95 Pla-toon-Leader[]-exec[]-slCom-mand[]-jus-
 []


Overfull \hbox (8.68365pt too wide) in paragraph at lines 225--226
[]| \OT1/cmr/m/n/10.95 Pla-toon-Leader[]-slCom-mand[]-lemma, 58 
 []


Overfull \hbox (20.22984pt too wide) in paragraph at lines 234--235
[]| \OT1/cmr/m/n/10.95 Pla-toon-Leader[]-Omni[]-not-Dis-card[]-slCom-
 []


Overfull \hbox (2.63681pt too wide) in paragraph at lines 235--236
[]| \OT1/cmr/m/n/10.95 Pla-toon-Leader[]-PLAN[]-PB[]-exec[]-jus-ti-
 []


Overfull \hbox (12.6135pt too wide) in paragraph at lines 236--237
[]| \OT1/cmr/m/n/10.95 Pla-toon-Leader[]-PLAN[]-PB[]-exec[]-lemma,
 []


Overfull \hbox (2.36307pt too wide) in paragraph at lines 237--238
[]| \OT1/cmr/m/n/10.95 Pla-toon-Leader[]-PLAN[]-PB[]-trap[]-jus-ti-
 []


Overfull \hbox (2.36307pt too wide) in paragraph at lines 238--239
[]| \OT1/cmr/m/n/10.95 Pla-toon-Leader[]-PLAN[]-PB[]-trap[]-jus-ti-
 []


Overfull \hbox (12.33975pt too wide) in paragraph at lines 239--240
[]| \OT1/cmr/m/n/10.95 Pla-toon-Leader[]-PLAN[]-PB[]-trap[]-lemma,
 []

[103]
Overfull \hbox (21.0511pt too wide) in paragraph at lines 248--250
[]| \OT1/cmr/m/n/10.95 Pla-toon-Leader[]-not-WARNO[]-notre-port1[]-
 []


Overfull \hbox (12.86191pt too wide) in paragraph at lines 248--250
\OT1/cmr/m/n/10.95 exec[]-plCom-mand[]-jus-ti-fied[]-lemma, 62 
 []


Overfull \hbox (21.0511pt too wide) in paragraph at lines 250--252
[]| \OT1/cmr/m/n/10.95 Pla-toon-Leader[]-not-WARNO[]-notre-port1[]-
 []


Overfull \hbox (0.69524pt too wide) in paragraph at lines 250--252
\OT1/cmr/m/n/10.95 exec[]-plCom-mand[]-jus-ti-fied[]-thm, 63 
 []


Overfull \hbox (21.0511pt too wide) in paragraph at lines 252--254
[]| \OT1/cmr/m/n/10.95 Pla-toon-Leader[]-not-WARNO[]-notre-port1[]-
 []


Overfull \hbox (4.09073pt too wide) in paragraph at lines 254--255
[]| \OT1/cmr/m/n/10.95 Pla-toon-Leader[]-ps-g-Com-mand[]-not-Dis-
 []


Overfull \hbox (10.3444pt too wide) in paragraph at lines 255--256
[]| \OT1/cmr/m/n/10.95 Pla-toon-Leader[]-trap[]-ps-g-Com-mand[]-jus-
 []


Overfull \hbox (27.62111pt too wide) in paragraph at lines 256--257
[]| \OT1/cmr/m/n/10.95 Pla-toon-Leader[]-trap[]-ps-g-Com-mand[]-lemma,
 []


Overfull \hbox (13.7389pt too wide) in paragraph at lines 257--258
[]| \OT1/cmr/m/n/10.95 Pla-toon-Leader[]-WARNO[]-exec[]-re-port1[]-
 []


Overfull \hbox (13.7389pt too wide) in paragraph at lines 258--259
[]| \OT1/cmr/m/n/10.95 Pla-toon-Leader[]-WARNO[]-exec[]-re-port1[]-
 []


Overfull \hbox (13.7389pt too wide) in paragraph at lines 259--260
[]| \OT1/cmr/m/n/10.95 Pla-toon-Leader[]-WARNO[]-exec[]-re-port1[]-
 []


Overfull \hbox (12.26065pt too wide) in paragraph at lines 260--261
[]| \OT1/cmr/m/n/10.95 Pla-toon-Sergeant[]-trap[]-plCom-mand[]-jus-
 []


Overfull \hbox (12.26065pt too wide) in paragraph at lines 261--262
[]| \OT1/cmr/m/n/10.95 Pla-toon-Sergeant[]-trap[]-plCom-mand[]-jus-
 []


Overfull \hbox (29.53735pt too wide) in paragraph at lines 262--263
[]| \OT1/cmr/m/n/10.95 Pla-toon-Sergeant[]-trap[]-plCom-mand[]-lemma,
 []

[104

]) (./OMNIReport.aux) ) 
Here is how much of TeX's memory you used:
 3062 strings out of 493029
 57170 string characters out of 6136234
 428555 words of memory out of 5000000
 6521 multiletter control sequences out of 15000+600000
 13532 words of font info for 52 fonts, out of 8000000 for 9000
 1141 hyphenation exceptions out of 8191
 39i,12n,45p,572b,380s stack positions out of 5000i,500n,10000p,200000b,80000s
</usr/share/texlive/texmf-dist/fonts/type1/public/amsfon
ts/cm/cmbx10.pfb></usr/share/texlive/texmf-dist/fonts/type1/public/amsfonts/cm/
cmbx12.pfb></usr/share/texlive/texmf-dist/fonts/type1/public/amsfonts/cm/cmmi10
.pfb></usr/share/texlive/texmf-dist/fonts/type1/public/amsfonts/cm/cmr10.pfb></
usr/share/texlive/texmf-dist/fonts/type1/public/amsfonts/cm/cmr7.pfb></usr/shar
e/texlive/texmf-dist/fonts/type1/public/amsfonts/cm/cmsl10.pfb></usr/share/texl
ive/texmf-dist/fonts/type1/public/amsfonts/cm/cmssbx10.pfb></usr/share/texlive/
texmf-dist/fonts/type1/public/amsfonts/cm/cmsy10.pfb></usr/share/texlive/texmf-
dist/fonts/type1/public/amsfonts/cm/cmsy7.pfb></usr/share/texlive/texmf-dist/fo
nts/type1/public/amsfonts/cm/cmti10.pfb></usr/share/texlive/texmf-dist/fonts/ty
pe1/public/amsfonts/cm/cmtt10.pfb>
Output written on OMNIReport.pdf (104 pages, 303786 bytes).
PDF statistics:
 384 PDF objects out of 1000 (max. 8388607)
 264 compressed objects within 3 object streams
 0 named destinations out of 1000 (max. 500000)
 1 words of extra memory for PDF output out of 10000 (max. 10000000)

