\BOOKMARK [0][-]{chapter.1}{Secure State Machine Model}{}% 1
\BOOKMARK [1][-]{section.1.1}{State Machines}{chapter.1}% 2
\BOOKMARK [2][-]{subsection.1.1.1}{Configuration}{section.1.1}% 3
\BOOKMARK [2][-]{subsection.1.1.2}{Next-state Function}{section.1.1}% 4
\BOOKMARK [2][-]{subsection.1.1.3}{Next-output Function}{section.1.1}% 5
\BOOKMARK [2][-]{subsection.1.1.4}{Transition Commands}{section.1.1}% 6
\BOOKMARK [1][-]{section.1.2}{Secure State Machines}{chapter.1}% 7
\BOOKMARK [2][-]{subsection.1.2.1}{State Machine Versus Secure State Machine}{section.1.2}% 8
\BOOKMARK [2][-]{subsection.1.2.2}{Monitors}{section.1.2}% 9
\BOOKMARK [2][-]{subsection.1.2.3}{Configuration}{section.1.2}% 10
\BOOKMARK [2][-]{subsection.1.2.4}{Transition Types}{section.1.2}% 11
\BOOKMARK [3][-]{subsubsection.1.2.4.1}{exec}{subsection.1.2.4}% 12
\BOOKMARK [3][-]{subsubsection.1.2.4.2}{trap}{subsection.1.2.4}% 13
\BOOKMARK [3][-]{subsubsection.1.2.4.3}{discard}{subsection.1.2.4}% 14
\BOOKMARK [2][-]{subsection.1.2.5}{Authentication}{section.1.2}% 15
\BOOKMARK [2][-]{subsection.1.2.6}{Authorization}{section.1.2}% 16
\BOOKMARK [1][-]{section.1.3}{Secure State Machines in HOL}{chapter.1}% 17
\BOOKMARK [2][-]{subsection.1.3.1}{Parameterizable Secure State Machine}{section.1.3}% 18
\BOOKMARK [2][-]{subsection.1.3.2}{Parameterization}{section.1.3}% 19
\BOOKMARK [2][-]{subsection.1.3.3}{Configurations: five parts}{section.1.3}% 20
\BOOKMARK [3][-]{subsubsection.1.3.3.1}{State Interpretation}{subsection.1.3.3}% 21
\BOOKMARK [3][-]{subsubsection.1.3.3.2}{Security context}{subsection.1.3.3}% 22
\BOOKMARK [3][-]{subsubsection.1.3.3.3}{Input stream}{subsection.1.3.3}% 23
\BOOKMARK [3][-]{subsubsection.1.3.3.4}{State}{subsection.1.3.3}% 24
\BOOKMARK [3][-]{subsubsection.1.3.3.5}{Output stream}{subsection.1.3.3}% 25
\BOOKMARK [2][-]{subsection.1.3.4}{Configuration Interpretation}{section.1.3}% 26
\BOOKMARK [2][-]{subsection.1.3.5}{Authentication}{section.1.3}% 27
\BOOKMARK [2][-]{subsection.1.3.6}{Authorization}{section.1.3}% 28
\BOOKMARK [2][-]{subsection.1.3.7}{Transition Definitions}{section.1.3}% 29
