\BOOKMARK [0][-]{section*.1}{Abstract}{}% 1
\BOOKMARK [0][-]{chapter*.8}{List of Figures}{}% 2
\BOOKMARK [0][-]{chapter*.10}{List of Tables}{}% 3
\BOOKMARK [0][-]{section*.11}{List of Acronyms}{}% 4
\BOOKMARK [0][-]{chapter.1}{Introduction}{}% 5
\BOOKMARK [1][-]{section.1.1}{In Context of Systems Security Engineering}{chapter.1}% 6
\BOOKMARK [1][-]{section.1.2}{Certified Security by Design \(CSBD\)}{chapter.1}% 7
\BOOKMARK [1][-]{section.1.3}{Extending The Range of Applicability}{chapter.1}% 8
\BOOKMARK [1][-]{section.1.4}{This Master Thesis}{chapter.1}% 9
\BOOKMARK [0][-]{chapter.2}{Background}{}% 10
\BOOKMARK [1][-]{section.2.1}{Complete Mediation}{chapter.2}% 11
\BOOKMARK [1][-]{section.2.2}{Confidentiality, Integrity, and Availability}{chapter.2}% 12
\BOOKMARK [1][-]{section.2.3}{Formal Methods}{chapter.2}% 13
\BOOKMARK [1][-]{section.2.4}{Functional Programming}{chapter.2}% 14
\BOOKMARK [1][-]{section.2.5}{Algebraic Data Types in ML}{chapter.2}% 15
\BOOKMARK [1][-]{section.2.6}{Higher Order Logic \(HOL\) Interactive Theorem Prover}{chapter.2}% 16
\BOOKMARK [1][-]{section.2.7}{Other Interactive Theorem Provers}{chapter.2}% 17
\BOOKMARK [1][-]{section.2.8}{How to Compile The Included Files}{chapter.2}% 18
\BOOKMARK [0][-]{chapter.3}{Systems Security Engineering \046 Patrol Base Operations}{}% 19
\BOOKMARK [1][-]{section.3.1}{The Systems Perspective}{chapter.3}% 20
\BOOKMARK [1][-]{section.3.2}{Systems Engineering}{chapter.3}% 21
\BOOKMARK [1][-]{section.3.3}{NIST Special Publication 800-160}{chapter.3}% 22
\BOOKMARK [1][-]{section.3.4}{Systems Security Engineering}{chapter.3}% 23
\BOOKMARK [1][-]{section.3.5}{Systems Security Engineering Framework}{chapter.3}% 24
\BOOKMARK [2][-]{subsection.3.5.1}{Problem}{section.3.5}% 25
\BOOKMARK [2][-]{subsection.3.5.2}{Solution}{section.3.5}% 26
\BOOKMARK [2][-]{subsection.3.5.3}{Trustworthiness}{section.3.5}% 27
\BOOKMARK [1][-]{section.3.6}{Verification \046 Documentation}{chapter.3}% 28
\BOOKMARK [2][-]{subsection.3.6.1}{Verification}{section.3.6}% 29
\BOOKMARK [2][-]{subsection.3.6.2}{Documentation}{section.3.6}% 30
\BOOKMARK [3][-]{subsubsection.3.6.2.1}{Accountability}{subsection.3.6.2}% 31
\BOOKMARK [3][-]{subsubsection.3.6.2.2}{Reproducibility}{subsection.3.6.2}% 32
\BOOKMARK [0][-]{chapter.4}{System-Theoretic Process Analysis}{}% 33
\BOOKMARK [1][-]{section.4.1}{Systems Engineering}{chapter.4}% 34
\BOOKMARK [1][-]{section.4.2}{Systems Security Engineering}{chapter.4}% 35
\BOOKMARK [1][-]{section.4.3}{System-Theoretic Process Analysis}{chapter.4}% 36
\BOOKMARK [1][-]{section.4.4}{STPA Overview: Four Steps}{chapter.4}% 37
\BOOKMARK [1][-]{section.4.5}{STPA on Patrol Base Operations}{chapter.4}% 38
\BOOKMARK [2][-]{subsection.4.5.1}{Step 1: Define The Purpose of The Analysis}{section.4.5}% 39
\BOOKMARK [3][-]{subsubsection.4.5.1.1}{Define The Purpose of The Analysis}{subsection.4.5.1}% 40
\BOOKMARK [3][-]{subsubsection.4.5.1.2}{Identify Losses with Regards to The Stakeholders}{subsection.4.5.1}% 41
\BOOKMARK [3][-]{subsubsection.4.5.1.3}{Define The System Boundaries}{subsection.4.5.1}% 42
\BOOKMARK [3][-]{subsubsection.4.5.1.4}{Identify System-level Hazards}{subsection.4.5.1}% 43
\BOOKMARK [3][-]{subsubsection.4.5.1.5}{Define System-level Constraints}{subsection.4.5.1}% 44
\BOOKMARK [3][-]{subsubsection.4.5.1.6}{Refine System-level Hazards}{subsection.4.5.1}% 45
\BOOKMARK [3][-]{subsubsection.4.5.1.7}{Refine System-level Constraints}{subsection.4.5.1}% 46
\BOOKMARK [2][-]{subsection.4.5.2}{Step 2: Model The Control Structure}{section.4.5}% 47
\BOOKMARK [2][-]{subsection.4.5.3}{Step 3: Identify Unsafe Control Actions}{section.4.5}% 48
\BOOKMARK [2][-]{subsection.4.5.4}{Step 4: Identify Loss Scenarios}{section.4.5}% 49
\BOOKMARK [1][-]{section.4.6}{Discussion of The Analysis}{chapter.4}% 50
\BOOKMARK [2][-]{subsection.4.6.1}{Recommendations for STPA on Other Military Activities}{section.4.6}% 51
\BOOKMARK [0][-]{chapter.5}{Certified Security by Design \(CSBD\) \046 Access-Control Logic \(ACL\)}{}% 52
\BOOKMARK [1][-]{section.5.1}{Certified Security by Design \(CSBD\)}{chapter.5}% 53
\BOOKMARK [1][-]{section.5.2}{Access-Control Logic \(ACL\)}{chapter.5}% 54
\BOOKMARK [2][-]{subsection.5.2.1}{ACL: A Command and Control \(C2\) Calculus}{section.5.2}% 55
\BOOKMARK [2][-]{subsection.5.2.2}{Principals}{section.5.2}% 56
\BOOKMARK [2][-]{subsection.5.2.3}{Propositional Variables, Requests, Authority, and Jurisdiction}{section.5.2}% 57
\BOOKMARK [2][-]{subsection.5.2.4}{Well-formed Formulas}{section.5.2}% 58
\BOOKMARK [2][-]{subsection.5.2.5}{Kripke Structures \046 Semantics}{section.5.2}% 59
\BOOKMARK [3][-]{subsubsection.5.2.5.1}{Kripke Structures}{subsection.5.2.5}% 60
\BOOKMARK [3][-]{subsubsection.5.2.5.2}{Kripke Semantics}{subsection.5.2.5}% 61
\BOOKMARK [3][-]{subsubsection.5.2.5.3}{Satisfies}{subsection.5.2.5}% 62
\BOOKMARK [3][-]{subsubsection.5.2.5.4}{Soundness}{subsection.5.2.5}% 63
\BOOKMARK [2][-]{subsection.5.2.6}{Inference Rules}{section.5.2}% 64
\BOOKMARK [2][-]{subsection.5.2.7}{Complete mediation}{section.5.2}% 65
\BOOKMARK [1][-]{section.5.3}{ACL in HOL}{chapter.5}% 66
\BOOKMARK [2][-]{subsection.5.3.1}{Principals}{section.5.3}% 67
\BOOKMARK [2][-]{subsection.5.3.2}{Well-Formed Formulas}{section.5.3}% 68
\BOOKMARK [2][-]{subsection.5.3.3}{Kripke structures}{section.5.3}% 69
\BOOKMARK [2][-]{subsection.5.3.4}{ACL Formulas}{section.5.3}% 70
\BOOKMARK [2][-]{subsection.5.3.5}{Kripke Semantics: The Evaluation Function}{section.5.3}% 71
\BOOKMARK [2][-]{subsection.5.3.6}{Satisfies}{section.5.3}% 72
\BOOKMARK [2][-]{subsection.5.3.7}{Soundness}{section.5.3}% 73
\BOOKMARK [0][-]{chapter.6}{Patrol Base Operations}{}% 74
\BOOKMARK [1][-]{section.6.1}{Motivation}{chapter.6}% 75
\BOOKMARK [1][-]{section.6.2}{Patrol Base Operations}{chapter.6}% 76
\BOOKMARK [1][-]{section.6.3}{Modeling the Patrol Base Operations from the Ranger Handbook}{chapter.6}% 77
\BOOKMARK [1][-]{section.6.4}{Overview of The Hierarchy of Secure State Machines}{chapter.6}% 78
\BOOKMARK [1][-]{section.6.5}{Hierarchy of Secure State Machines}{chapter.6}% 79
\BOOKMARK [2][-]{subsection.6.5.1}{Diagrammatic Description in Visio}{section.6.5}% 80
\BOOKMARK [2][-]{subsection.6.5.2}{Descriptions of Individual Modules}{section.6.5}% 81
\BOOKMARK [2][-]{subsection.6.5.3}{OMNI-Level}{section.6.5}% 82
\BOOKMARK [2][-]{subsection.6.5.4}{Escape}{section.6.5}% 83
\BOOKMARK [2][-]{subsection.6.5.5}{Top Level}{section.6.5}% 84
\BOOKMARK [2][-]{subsection.6.5.6}{Horizontal Slice}{section.6.5}% 85
\BOOKMARK [3][-]{subsubsection.6.5.6.1}{ssmPlanPB}{subsection.6.5.6}% 86
\BOOKMARK [3][-]{subsubsection.6.5.6.2}{ssmMoveToORP}{subsection.6.5.6}% 87
\BOOKMARK [3][-]{subsubsection.6.5.6.3}{ssmConductORP}{subsection.6.5.6}% 88
\BOOKMARK [3][-]{subsubsection.6.5.6.4}{ssmMoveToPB}{subsection.6.5.6}% 89
\BOOKMARK [3][-]{subsubsection.6.5.6.5}{ssmConductPB}{subsection.6.5.6}% 90
\BOOKMARK [2][-]{subsection.6.5.7}{Vertical Slice}{section.6.5}% 91
\BOOKMARK [3][-]{subsubsection.6.5.7.1}{ssmSecureHalt}{subsection.6.5.7}% 92
\BOOKMARK [3][-]{subsubsection.6.5.7.2}{ssmORPRecon}{subsection.6.5.7}% 93
\BOOKMARK [3][-]{subsubsection.6.5.7.3}{ssmMoveToORP4L}{subsection.6.5.7}% 94
\BOOKMARK [3][-]{subsubsection.6.5.7.4}{ssmFormRT}{subsection.6.5.7}% 95
\BOOKMARK [0][-]{chapter.7}{Secure State Machine Model}{}% 96
\BOOKMARK [1][-]{section.7.1}{State Machines}{chapter.7}% 97
\BOOKMARK [2][-]{subsection.7.1.1}{States}{section.7.1}% 98
\BOOKMARK [2][-]{subsection.7.1.2}{Transition Commands}{section.7.1}% 99
\BOOKMARK [2][-]{subsection.7.1.3}{Next-state Function}{section.7.1}% 100
\BOOKMARK [2][-]{subsection.7.1.4}{Next-output Function}{section.7.1}% 101
\BOOKMARK [2][-]{subsection.7.1.5}{Configuration}{section.7.1}% 102
\BOOKMARK [2][-]{subsection.7.1.6}{TR Relations}{section.7.1}% 103
\BOOKMARK [1][-]{section.7.2}{Secure State Machines}{chapter.7}% 104
\BOOKMARK [2][-]{subsection.7.2.1}{State Machine Versus Secure State Machine}{section.7.2}% 105
\BOOKMARK [2][-]{subsection.7.2.2}{Monitors}{section.7.2}% 106
\BOOKMARK [2][-]{subsection.7.2.3}{Transition Types}{section.7.2}% 107
\BOOKMARK [3][-]{subsubsection.7.2.3.1}{exec}{subsection.7.2.3}% 108
\BOOKMARK [3][-]{subsubsection.7.2.3.2}{trap}{subsection.7.2.3}% 109
\BOOKMARK [3][-]{subsubsection.7.2.3.3}{discard}{subsection.7.2.3}% 110
\BOOKMARK [2][-]{subsection.7.2.4}{Commands}{section.7.2}% 111
\BOOKMARK [2][-]{subsection.7.2.5}{Authentication}{section.7.2}% 112
\BOOKMARK [2][-]{subsection.7.2.6}{Authorization}{section.7.2}% 113
\BOOKMARK [2][-]{subsection.7.2.7}{Next-state And Next-output Functions}{section.7.2}% 114
\BOOKMARK [2][-]{subsection.7.2.8}{Configurations}{section.7.2}% 115
\BOOKMARK [2][-]{subsection.7.2.9}{TR Relations}{section.7.2}% 116
\BOOKMARK [2][-]{subsection.7.2.10}{Configuration Interpretation}{section.7.2}% 117
\BOOKMARK [1][-]{section.7.3}{Secure State Machines in HOL}{chapter.7}% 118
\BOOKMARK [2][-]{subsection.7.3.1}{Parameterizable Secure State Machine}{section.7.3}% 119
\BOOKMARK [2][-]{subsection.7.3.2}{Input Stream}{section.7.3}% 120
\BOOKMARK [2][-]{subsection.7.3.3}{Commands}{section.7.3}% 121
\BOOKMARK [3][-]{subsubsection.7.3.3.1}{Transition Types}{subsection.7.3.3}% 122
\BOOKMARK [2][-]{subsection.7.3.4}{Authentication}{section.7.3}% 123
\BOOKMARK [2][-]{subsection.7.3.5}{Authorization}{section.7.3}% 124
\BOOKMARK [2][-]{subsection.7.3.6}{Next-state And Next-output Functions}{section.7.3}% 125
\BOOKMARK [2][-]{subsection.7.3.7}{Configurations}{section.7.3}% 126
\BOOKMARK [2][-]{subsection.7.3.8}{Configuration Interpretation}{section.7.3}% 127
\BOOKMARK [2][-]{subsection.7.3.9}{TR Rules}{section.7.3}% 128
\BOOKMARK [0][-]{chapter.8}{Patrol Base Operations as Secure State Machines}{}% 129
\BOOKMARK [1][-]{section.8.1}{ssmPB: A Typical Example from the Hierarchy}{chapter.8}% 130
\BOOKMARK [2][-]{subsection.8.1.1}{Principals}{section.8.1}% 131
\BOOKMARK [2][-]{subsection.8.1.2}{States}{section.8.1}% 132
\BOOKMARK [2][-]{subsection.8.1.3}{Outputs}{section.8.1}% 133
\BOOKMARK [2][-]{subsection.8.1.4}{Commands}{section.8.1}% 134
\BOOKMARK [2][-]{subsection.8.1.5}{Next-State Function}{section.8.1}% 135
\BOOKMARK [2][-]{subsection.8.1.6}{Next-Output Function}{section.8.1}% 136
\BOOKMARK [2][-]{subsection.8.1.7}{Authentication}{section.8.1}% 137
\BOOKMARK [2][-]{subsection.8.1.8}{Authorization}{section.8.1}% 138
\BOOKMARK [2][-]{subsection.8.1.9}{Proved Theorems}{section.8.1}% 139
\BOOKMARK [1][-]{section.8.2}{ssmConductORP: Multiple Principals}{chapter.8}% 140
\BOOKMARK [2][-]{subsection.8.2.1}{Principals}{section.8.2}% 141
\BOOKMARK [2][-]{subsection.8.2.2}{States}{section.8.2}% 142
\BOOKMARK [2][-]{subsection.8.2.3}{Outputs}{section.8.2}% 143
\BOOKMARK [2][-]{subsection.8.2.4}{Commands}{section.8.2}% 144
\BOOKMARK [2][-]{subsection.8.2.5}{Next-State Function}{section.8.2}% 145
\BOOKMARK [2][-]{subsection.8.2.6}{Next-Output Function}{section.8.2}% 146
\BOOKMARK [2][-]{subsection.8.2.7}{Authentication}{section.8.2}% 147
\BOOKMARK [2][-]{subsection.8.2.8}{Authorization}{section.8.2}% 148
\BOOKMARK [2][-]{subsection.8.2.9}{Proved Theorems}{section.8.2}% 149
\BOOKMARK [1][-]{section.8.3}{ssmPlanPB: Non-sequential Transitions}{chapter.8}% 150
\BOOKMARK [2][-]{subsection.8.3.1}{Principals}{section.8.3}% 151
\BOOKMARK [2][-]{subsection.8.3.2}{States}{section.8.3}% 152
\BOOKMARK [2][-]{subsection.8.3.3}{Commands}{section.8.3}% 153
\BOOKMARK [2][-]{subsection.8.3.4}{Output}{section.8.3}% 154
\BOOKMARK [2][-]{subsection.8.3.5}{Next-State Function}{section.8.3}% 155
\BOOKMARK [2][-]{subsection.8.3.6}{Next-Output Function}{section.8.3}% 156
\BOOKMARK [2][-]{subsection.8.3.7}{Authentication}{section.8.3}% 157
\BOOKMARK [2][-]{subsection.8.3.8}{Authorization}{section.8.3}% 158
\BOOKMARK [2][-]{subsection.8.3.9}{Proved Theorems}{section.8.3}% 159
\BOOKMARK [0][-]{chapter.9}{Non-implemented modules}{}% 160
\BOOKMARK [1][-]{section.9.1}{Authentication \046 Roles}{chapter.9}% 161
\BOOKMARK [1][-]{section.9.2}{Soldier, Squad, and Platoon Theories}{chapter.9}% 162
\BOOKMARK [0][-]{chapter.10}{Discussion}{}% 163
\BOOKMARK [1][-]{section.10.1}{Summary}{chapter.10}% 164
\BOOKMARK [1][-]{section.10.2}{Discussion}{chapter.10}% 165
\BOOKMARK [1][-]{section.10.3}{Challenges And Limitations of The Approach}{chapter.10}% 166
\BOOKMARK [0][-]{chapter.11}{Future Work}{}% 167
\BOOKMARK [1][-]{section.11.1}{Applicability}{chapter.11}% 168
\BOOKMARK [2][-]{subsection.11.1.1}{Accountability Systems}{section.11.1}% 169
\BOOKMARK [0][-]{section*.71}{Appendices}{}% 170
\BOOKMARK [0][-]{Appendix.a.A}{Background}{}% 171
\BOOKMARK [1][-]{section.a.A.1}{Complete Mediation}{Appendix.a.A}% 172
\BOOKMARK [1][-]{section.a.A.2}{Confidentiality, Integrity, and Availability}{Appendix.a.A}% 173
\BOOKMARK [1][-]{section.a.A.3}{Formal Methods}{Appendix.a.A}% 174
\BOOKMARK [1][-]{section.a.A.4}{Functional Programming}{Appendix.a.A}% 175
\BOOKMARK [1][-]{section.a.A.5}{Algebraic Data Types in ML}{Appendix.a.A}% 176
\BOOKMARK [1][-]{section.a.A.6}{Higher Order Logic \(HOL\) Interactive Theorem Prover}{Appendix.a.A}% 177
\BOOKMARK [1][-]{section.a.A.7}{Other Interactive Theorem Provers}{Appendix.a.A}% 178
\BOOKMARK [1][-]{section.a.A.8}{How to Compile The Included Files}{Appendix.a.A}% 179
\BOOKMARK [0][-]{Appendix.a.B}{Access Control Logic Theories: Pretty-Printed Theories}{}% 180
\BOOKMARK [0][-]{Appendix.a.C}{Secure State Machine \046 Patrol Base Operations: Pretty-Printed Theories }{}% 181
\BOOKMARK [0][-]{Appendix.a.D}{Secure State Machine Theories: HOL Script Files}{}% 182
\BOOKMARK [1][-]{section.a.D.1}{ssm}{Appendix.a.D}% 183
\BOOKMARK [1][-]{section.a.D.2}{satList}{Appendix.a.D}% 184
\BOOKMARK [0][-]{Appendix.a.E}{Secure State Machine Theories Applied to Patrol Base Operations: HOL Script Files}{}% 185
\BOOKMARK [1][-]{section.a.E.1}{OMNILevel}{Appendix.a.E}% 186
\BOOKMARK [1][-]{section.a.E.2}{escapeLevel}{Appendix.a.E}% 187
\BOOKMARK [1][-]{section.a.E.3}{TopLevel}{Appendix.a.E}% 188
\BOOKMARK [2][-]{subsection.a.E.3.1}{PBTypeIntegrated Theory: Type Definitions}{section.a.E.3}% 189
\BOOKMARK [2][-]{subsection.a.E.3.2}{PBIntegratedDef Theory: Authentication \046 Authorization Definitions}{section.a.E.3}% 190
\BOOKMARK [2][-]{subsection.a.E.3.3}{ssmPlanPBIntegrated Theory: Theorems}{section.a.E.3}% 191
\BOOKMARK [1][-]{section.a.E.4}{Horizontal Slice}{Appendix.a.E}% 192
\BOOKMARK [2][-]{subsection.a.E.4.1}{ssmPlanPB}{section.a.E.4}% 193
\BOOKMARK [3][-]{subsubsection.a.E.4.1.1}{PlanPBType Theory: Type Definitions}{subsection.a.E.4.1}% 194
\BOOKMARK [3][-]{subsubsection.a.E.4.1.2}{PlanPBDef Theory: Authentication \046 Authorization Definitions}{subsection.a.E.4.1}% 195
\BOOKMARK [3][-]{subsubsection.a.E.4.1.3}{ssmPlanPB Theory: Theorems}{subsection.a.E.4.1}% 196
\BOOKMARK [2][-]{subsection.a.E.4.2}{ssmMoveToORP}{section.a.E.4}% 197
\BOOKMARK [3][-]{subsubsection.a.E.4.2.1}{MoveToORPType Theory: Type Definitions}{subsection.a.E.4.2}% 198
\BOOKMARK [3][-]{subsubsection.a.E.4.2.2}{MoveToORPDef Theory: Authentication \046 Authorization Definitions}{subsection.a.E.4.2}% 199
\BOOKMARK [3][-]{subsubsection.a.E.4.2.3}{ssmMoveToORP Theory: Theorems}{subsection.a.E.4.2}% 200
\BOOKMARK [2][-]{subsection.a.E.4.3}{ssmConductORP}{section.a.E.4}% 201
\BOOKMARK [3][-]{subsubsection.a.E.4.3.1}{ConductORPType Theory: Type Definitions}{subsection.a.E.4.3}% 202
\BOOKMARK [3][-]{subsubsection.a.E.4.3.2}{ConductORPDef Theory: Authentication \046 Authorization Definitions}{subsection.a.E.4.3}% 203
\BOOKMARK [3][-]{subsubsection.a.E.4.3.3}{ssmConductORP Theory: Theorems}{subsection.a.E.4.3}% 204
\BOOKMARK [2][-]{subsection.a.E.4.4}{ssmMoveToPB}{section.a.E.4}% 205
\BOOKMARK [3][-]{subsubsection.a.E.4.4.1}{MoveToPBType Theory: Type Definitions}{subsection.a.E.4.4}% 206
\BOOKMARK [3][-]{subsubsection.a.E.4.4.2}{MoveToPBDef Theory: Authentication \046 Authorization Definitions}{subsection.a.E.4.4}% 207
\BOOKMARK [3][-]{subsubsection.a.E.4.4.3}{ssmMoveToPB Theory: Theorems}{subsection.a.E.4.4}% 208
\BOOKMARK [2][-]{subsection.a.E.4.5}{ssmConductPB}{section.a.E.4}% 209
\BOOKMARK [3][-]{subsubsection.a.E.4.5.1}{ConductPBType Theory: Type Definitions}{subsection.a.E.4.5}% 210
\BOOKMARK [3][-]{subsubsection.a.E.4.5.2}{ConductPBDef Theory: Authentication \046 Authorization Definitions}{subsection.a.E.4.5}% 211
\BOOKMARK [3][-]{subsubsection.a.E.4.5.3}{ssmConductPB Theory: Theorems}{subsection.a.E.4.5}% 212
\BOOKMARK [1][-]{section.a.E.5}{Vertical Slice}{Appendix.a.E}% 213
\BOOKMARK [2][-]{subsection.a.E.5.1}{ssmSecureHalt}{section.a.E.5}% 214
\BOOKMARK [3][-]{subsubsection.a.E.5.1.1}{SecureHaltType Theory: Type Definitions}{subsection.a.E.5.1}% 215
\BOOKMARK [3][-]{subsubsection.a.E.5.1.2}{SecureHaltDef Theory: Authentication \046 Authorization Definitions}{subsection.a.E.5.1}% 216
\BOOKMARK [3][-]{subsubsection.a.E.5.1.3}{ssmSecureHalt Theory: Theorems}{subsection.a.E.5.1}% 217
\BOOKMARK [2][-]{subsection.a.E.5.2}{ssmORPRecon}{section.a.E.5}% 218
\BOOKMARK [3][-]{subsubsection.a.E.5.2.1}{ORPReconType Theory: Type Definitions}{subsection.a.E.5.2}% 219
\BOOKMARK [3][-]{subsubsection.a.E.5.2.2}{ORPReconDef Theory: Authentication \046 Authorization Definitions}{subsection.a.E.5.2}% 220
\BOOKMARK [3][-]{subsubsection.a.E.5.2.3}{ssmORPRecon Theory: Theorems}{subsection.a.E.5.2}% 221
\BOOKMARK [2][-]{subsection.a.E.5.3}{ssmMoveToORP4L}{section.a.E.5}% 222
\BOOKMARK [3][-]{subsubsection.a.E.5.3.1}{MoveToORP4LType Theory: Type Definitions}{subsection.a.E.5.3}% 223
\BOOKMARK [3][-]{subsubsection.a.E.5.3.2}{MoveToORP4LDef Theory: Authentication \046 Authorization Definitions}{subsection.a.E.5.3}% 224
\BOOKMARK [3][-]{subsubsection.a.E.5.3.3}{ssmMoveToORP4L Theory: Theorems}{subsection.a.E.5.3}% 225
\BOOKMARK [2][-]{subsection.a.E.5.4}{ssmFormRT}{section.a.E.5}% 226
\BOOKMARK [3][-]{subsubsection.a.E.5.4.1}{FormRTType Theory: Type Definitions}{subsection.a.E.5.4}% 227
\BOOKMARK [3][-]{subsubsection.a.E.5.4.2}{FormRTDef Theory: Authentication \046 Authorization Definitions}{subsection.a.E.5.4}% 228
\BOOKMARK [3][-]{subsubsection.a.E.5.4.3}{ssmFormRT Theory: Theorems}{subsection.a.E.5.4}% 229
\BOOKMARK [0][-]{Appendix.a.F}{Map of The File Folder Structure}{}% 230
\BOOKMARK [0][-]{chapter*.72}{References}{}% 231
