\BOOKMARK [1][-]{chapter*.1}{Abstract}{}% 1
\BOOKMARK [1][-]{chapter*.1}{List of Figures}{}% 2
\BOOKMARK [1][-]{chapter*.1}{List of Tables}{}% 3
\BOOKMARK [1][-]{chapter*.1}{List of Acronyms}{}% 4
\BOOKMARK [0][-]{chapter.1}{Patrol Base Operations}{}% 5
\BOOKMARK [1][-]{section.1.1}{Motivation}{chapter.1}% 6
\BOOKMARK [1][-]{section.1.2}{Ranger Handbook Description}{chapter.1}% 7
\BOOKMARK [1][-]{section.1.3}{Describing The Patrol Base Operations}{chapter.1}% 8
\BOOKMARK [1][-]{section.1.4}{Hierarchy of Secure State Machines}{chapter.1}% 9
\BOOKMARK [2][-]{subsection.1.4.1}{OMNI-Level}{section.1.4}% 10
\BOOKMARK [2][-]{subsection.1.4.2}{Escape}{section.1.4}% 11
\BOOKMARK [2][-]{subsection.1.4.3}{Top Level}{section.1.4}% 12
\BOOKMARK [2][-]{subsection.1.4.4}{Horizontal Slice}{section.1.4}% 13
\BOOKMARK [3][-]{subsubsection.1.4.4.1}{ssmPlanPB}{subsection.1.4.4}% 14
\BOOKMARK [3][-]{subsubsection.1.4.4.2}{ssmMoveToORP}{subsection.1.4.4}% 15
\BOOKMARK [3][-]{subsubsection.1.4.4.3}{ssmConductORP}{subsection.1.4.4}% 16
\BOOKMARK [3][-]{subsubsection.1.4.4.4}{ssmMoveToPB}{subsection.1.4.4}% 17
\BOOKMARK [3][-]{subsubsection.1.4.4.5}{ssmConductPB}{subsection.1.4.4}% 18
\BOOKMARK [2][-]{subsection.1.4.5}{Vertical Slice}{section.1.4}% 19
\BOOKMARK [3][-]{subsubsection.1.4.5.1}{ssmSecureHalt}{subsection.1.4.5}% 20
\BOOKMARK [3][-]{subsubsection.1.4.5.2}{ssmORPRecon}{subsection.1.4.5}% 21
\BOOKMARK [3][-]{subsubsection.1.4.5.3}{ssmMoveToORP4L}{subsection.1.4.5}% 22
\BOOKMARK [3][-]{subsubsection.1.4.5.4}{ssmFormRT}{subsection.1.4.5}% 23
